# JRE version: Java(TM) SE Runtime Environment (13.0.1+9) (build 13.0.1+9)
# Java VM: Java HotSpot(TM) 64-Bit Server VM (13.0.1+9, mixed mode, sharing, tiered, compressed oops, g1 gc, windows-amd64)
Heap:
 garbage-first heap   total 157696K, used 12790K [0x0000000081200000, 0x0000000100000000)
  region size 1024K, 5 young (5120K), 5 survivors (5120K)
 Metaspace       used 19679K, capacity 20308K, committed 20480K, reserved 1067008K
  class space    used 2484K, capacity 2709K, committed 2816K, reserved 1048576K
GC Heap History (9 events):
Event: 3.332 GC heap before
{Heap before GC invocations=0 (full 0):
 garbage-first heap   total 131072K, used 15360K [0x0000000081200000, 0x0000000100000000)
  region size 1024K, 14 young (14336K), 0 survivors (0K)
 Metaspace       used 953K, capacity 4856K, committed 5120K, reserved 1056768K
  class space    used 59K, capacity 424K, committed 512K, reserved 1048576K
}
Event: 3.340 GC heap after
{Heap after GC invocations=1 (full 0):
 garbage-first heap   total 131072K, used 6788K [0x0000000081200000, 0x0000000100000000)
  region size 1024K, 2 young (2048K), 2 survivors (2048K)
 Metaspace       used 953K, capacity 4856K, committed 5120K, reserved 1056768K
  class space    used 59K, capacity 424K, committed 512K, reserved 1048576K
}
Event: 4.601 GC heap before
{Heap before GC invocations=1 (full 0):
 garbage-first heap   total 131072K, used 26244K [0x0000000081200000, 0x0000000100000000)
  region size 1024K, 21 young (21504K), 2 survivors (2048K)
 Metaspace       used 4752K, capacity 6537K, committed 6656K, reserved 1056768K
  class space    used 540K, capacity 711K, committed 768K, reserved 1048576K
}
Event: 4.609 GC heap after
{Heap after GC invocations=2 (full 0):
 garbage-first heap   total 131072K, used 8612K [0x0000000081200000, 0x0000000100000000)
  region size 1024K, 3 young (3072K), 3 survivors (3072K)
 Metaspace       used 4752K, capacity 6537K, committed 6656K, reserved 1056768K
  class space    used 540K, capacity 711K, committed 768K, reserved 1048576K
}
Event: 4.953 GC heap before
{Heap before GC invocations=2 (full 0):
 garbage-first heap   total 131072K, used 33188K [0x0000000081200000, 0x0000000100000000)
  region size 1024K, 28 young (28672K), 3 survivors (3072K)
 Metaspace       used 6449K, capacity 7462K, committed 7552K, reserved 1056768K
  class space    used 756K, capacity 852K, committed 896K, reserved 1048576K
}
Event: 4.960 GC heap after
{Heap after GC invocations=3 (full 0):
 garbage-first heap   total 131072K, used 9221K [0x0000000081200000, 0x0000000100000000)
  region size 1024K, 1 young (1024K), 1 survivors (1024K)
 Metaspace       used 6449K, capacity 7462K, committed 7552K, reserved 1056768K
  class space    used 756K, capacity 852K, committed 896K, reserved 1048576K
}
Event: 7.092 GC heap before
{Heap before GC invocations=3 (full 0):
 garbage-first heap   total 131072K, used 86021K [0x0000000081200000, 0x0000000100000000)
  region size 1024K, 76 young (77824K), 1 survivors (1024K)
 Metaspace       used 11910K, capacity 12402K, committed 12416K, reserved 1060864K
  class space    used 1488K, capacity 1662K, committed 1664K, reserved 1048576K
}
Event: 7.146 GC heap after
{Heap after GC invocations=4 (full 0):
 garbage-first heap   total 131072K, used 10744K [0x0000000081200000, 0x0000000100000000)
  region size 1024K, 3 young (3072K), 3 survivors (3072K)
 Metaspace       used 11910K, capacity 12402K, committed 12416K, reserved 1060864K
  class space    used 1488K, capacity 1662K, committed 1664K, reserved 1048576K
}
Event: 9.004 GC heap before
{Heap before GC invocations=4 (full 0):
 garbage-first heap   total 131072K, used 84472K [0x0000000081200000, 0x0000000100000000)
  region size 1024K, 76 young (77824K), 3 survivors (3072K)
 Metaspace       used 19679K, capacity 20308K, committed 20480K, reserved 1067008K
  class space    used 2484K, capacity 2709K, committed 2816K, reserved 1048576K
}

