# JRE version: Java(TM) SE Runtime Environment (13.0.1+9) (build 13.0.1+9)
# Java VM: Java HotSpot(TM) 64-Bit Server VM (13.0.1+9, mixed mode, sharing, tiered, compressed oops, g1 gc, windows-amd64)
Heap:
 garbage-first heap   total 147456K, used 23015K [0x0000000081200000, 0x0000000100000000)
  region size 1024K, 5 young (5120K), 5 survivors (5120K)
 Metaspace       used 34954K, capacity 35965K, committed 36048K, reserved 1081344K
  class space    used 4412K, capacity 4823K, committed 4864K, reserved 1048576K
GC Heap History (20 events):
Event: 3.615 GC heap after
{Heap after GC invocations=2 (full 0):
 garbage-first heap   total 131072K, used 8956K [0x0000000081200000, 0x0000000100000000)
  region size 1024K, 4 young (4096K), 4 survivors (4096K)
 Metaspace       used 5535K, capacity 6939K, committed 7296K, reserved 1056768K
  class space    used 642K, capacity 782K, committed 896K, reserved 1048576K
}
Event: 3.790 GC heap before
{Heap before GC invocations=2 (full 0):
 garbage-first heap   total 131072K, used 35580K [0x0000000081200000, 0x0000000100000000)
  region size 1024K, 31 young (31744K), 4 survivors (4096K)
 Metaspace       used 6460K, capacity 7462K, committed 7552K, reserved 1056768K
  class space    used 756K, capacity 852K, committed 896K, reserved 1048576K
}
Event: 3.796 GC heap after
{Heap after GC invocations=3 (full 0):
 garbage-first heap   total 131072K, used 9324K [0x0000000081200000, 0x0000000100000000)
  region size 1024K, 3 young (3072K), 3 survivors (3072K)
 Metaspace       used 6460K, capacity 7462K, committed 7552K, reserved 1056768K
  class space    used 756K, capacity 852K, committed 896K, reserved 1048576K
}
Event: 4.129 GC heap before
{Heap before GC invocations=3 (full 0):
 garbage-first heap   total 131072K, used 48236K [0x0000000081200000, 0x0000000100000000)
  region size 1024K, 41 young (41984K), 3 survivors (3072K)
 Metaspace       used 7599K, capacity 8222K, committed 8448K, reserved 1056768K
  class space    used 927K, capacity 1024K, committed 1024K, reserved 1048576K
}
Event: 4.135 GC heap after
{Heap after GC invocations=4 (full 0):
 garbage-first heap   total 131072K, used 9716K [0x0000000081200000, 0x0000000100000000)
  region size 1024K, 3 young (3072K), 3 survivors (3072K)
 Metaspace       used 7599K, capacity 8222K, committed 8448K, reserved 1056768K
  class space    used 927K, capacity 1024K, committed 1024K, reserved 1048576K
}
Event: 7.627 GC heap before
{Heap before GC invocations=4 (full 0):
 garbage-first heap   total 131072K, used 83444K [0x0000000081200000, 0x0000000100000000)
  region size 1024K, 76 young (77824K), 3 survivors (3072K)
 Metaspace       used 15670K, capacity 16190K, committed 16384K, reserved 1062912K
  class space    used 2063K, capacity 2259K, committed 2304K, reserved 1048576K
}
Event: 7.649 GC heap after
{Heap after GC invocations=5 (full 0):
 garbage-first heap   total 131072K, used 12073K [0x0000000081200000, 0x0000000100000000)
  region size 1024K, 5 young (5120K), 5 survivors (5120K)
 Metaspace       used 15670K, capacity 16190K, committed 16384K, reserved 1062912K
  class space    used 2063K, capacity 2259K, committed 2304K, reserved 1048576K
}
Event: 8.424 GC heap before
{Heap before GC invocations=5 (full 0):
 garbage-first heap   total 131072K, used 53033K [0x0000000081200000, 0x0000000100000000)
  region size 1024K, 46 young (47104K), 5 survivors (5120K)
 Metaspace       used 20541K, capacity 21177K, committed 21248K, reserved 1067008K
  class space    used 2591K, capacity 2808K, committed 2816K, reserved 1048576K
}
Event: 8.443 GC heap after
{Heap after GC invocations=6 (full 0):
 garbage-first heap   total 131072K, used 13677K [0x0000000081200000, 0x0000000100000000)
  region size 1024K, 7 young (7168K), 7 survivors (7168K)
 Metaspace       used 20541K, capacity 21177K, committed 21248K, reserved 1067008K
  class space    used 2591K, capacity 2808K, committed 2816K, reserved 1048576K
}
Event: 8.840 GC heap before
{Heap before GC invocations=7 (full 0):
 garbage-first heap   total 102400K, used 66925K [0x0000000081200000, 0x0000000100000000)
  region size 1024K, 60 young (61440K), 7 survivors (7168K)
 Metaspace       used 21792K, capacity 22430K, committed 22780K, reserved 1069056K
  class space    used 2761K, capacity 3016K, committed 3072K, reserved 1048576K
}
Event: 8.861 GC heap after
{Heap after GC invocations=8 (full 0):
 garbage-first heap   total 102400K, used 14480K [0x0000000081200000, 0x0000000100000000)
  region size 1024K, 5 young (5120K), 5 survivors (5120K)
 Metaspace       used 21792K, capacity 22430K, committed 22780K, reserved 1069056K
  class space    used 2761K, capacity 3016K, committed 3072K, reserved 1048576K
}
Event: 9.952 GC heap before
{Heap before GC invocations=8 (full 0):
 garbage-first heap   total 102400K, used 70800K [0x0000000081200000, 0x0000000100000000)
  region size 1024K, 60 young (61440K), 5 survivors (5120K)
 Metaspace       used 24742K, capacity 25518K, committed 25724K, reserved 1071104K
  class space    used 3127K, capacity 3423K, committed 3456K, reserved 1048576K
}
Event: 9.964 GC heap after
{Heap after GC invocations=9 (full 0):
 garbage-first heap   total 122880K, used 15411K [0x0000000081200000, 0x0000000100000000)
  region size 1024K, 4 young (4096K), 4 survivors (4096K)
 Metaspace       used 24742K, capacity 25518K, committed 25724K, reserved 1071104K
  class space    used 3127K, capacity 3423K, committed 3456K, reserved 1048576K
}
Event: 13.873 GC heap before
{Heap before GC invocations=9 (full 0):
 garbage-first heap   total 122880K, used 84019K [0x0000000081200000, 0x0000000100000000)
  region size 1024K, 71 young (72704K), 4 survivors (4096K)
 Metaspace       used 30655K, capacity 31651K, committed 31868K, reserved 1077248K
  class space    used 3974K, capacity 4385K, committed 4480K, reserved 1048576K
}
Event: 13.894 GC heap after
{Heap after GC invocations=10 (full 0):
 garbage-first heap   total 122880K, used 18684K [0x0000000081200000, 0x0000000100000000)
  region size 1024K, 7 young (7168K), 7 survivors (7168K)
 Metaspace       used 30655K, capacity 31651K, committed 31868K, reserved 1077248K
  class space    used 3974K, capacity 4385K, committed 4480K, reserved 1048576K
}
Event: 15.013 GC heap before
{Heap before GC invocations=10 (full 0):
 garbage-first heap   total 122880K, used 87292K [0x0000000081200000, 0x0000000100000000)
  region size 1024K, 72 young (73728K), 7 survivors (7168K)
 Metaspace       used 32461K, capacity 33555K, committed 33788K, reserved 1079296K
  class space    used 4167K, capacity 4594K, committed 4608K, reserved 1048576K
}
Event: 15.030 GC heap after
{Heap after GC invocations=11 (full 0):
 garbage-first heap   total 122880K, used 23183K [0x0000000081200000, 0x0000000100000000)
  region size 1024K, 7 young (7168K), 7 survivors (7168K)
 Metaspace       used 32461K, capacity 33555K, committed 33788K, reserved 1079296K
  class space    used 4167K, capacity 4594K, committed 4608K, reserved 1048576K
}
Event: 15.471 GC heap before
{Heap before GC invocations=11 (full 0):
 garbage-first heap   total 122880K, used 97935K [0x0000000081200000, 0x0000000100000000)
  region size 1024K, 72 young (73728K), 7 survivors (7168K)
 Metaspace       used 34411K, capacity 35417K, committed 35580K, reserved 1079296K
  class space    used 4346K, capacity 4768K, committed 4864K, reserved 1048576K
}
Event: 15.487 GC heap after
{Heap after GC invocations=12 (full 0):
 garbage-first heap   total 122880K, used 23730K [0x0000000081200000, 0x0000000100000000)
  region size 1024K, 4 young (4096K), 4 survivors (4096K)
 Metaspace       used 34411K, capacity 35417K, committed 35580K, reserved 1079296K
  class space    used 4346K, capacity 4768K, committed 4864K, reserved 1048576K
}
Event: 15.750 GC heap before
{Heap before GC invocations=12 (full 0):
 garbage-first heap   total 122880K, used 46258K [0x0000000081200000, 0x0000000100000000)
  region size 1024K, 27 young (27648K), 4 survivors (4096K)
 Metaspace       used 34954K, capacity 35965K, committed 36048K, reserved 1081344K
  class space    used 4412K, capacity 4823K, committed 4864K, reserved 1048576K
}

